\BOOKMARK [0][-]{chapter.1}{Mod\351lisation et analyse de la r\351alisation d'une op\351ration}{}% 1
\BOOKMARK [1][-]{section.1.1}{Mod\350le r\351seau de Petri temporel d'une op\351ration}{chapter.1}% 2
\BOOKMARK [1][-]{section.1.2}{Estimation de Prise/Pose et Avance/Recule}{chapter.1}% 3
\BOOKMARK [1][-]{section.1.3}{Analyse du mod\350le}{chapter.1}% 4
\BOOKMARK [0][-]{chapter.2}{Mod\351lisation et analyse des premi\350res op\351rations de chaque pi\350ce}{}% 5
\BOOKMARK [1][-]{section.2.1}{R\351seau de PETRI Temporel de commande de deux op\351rations}{chapter.2}% 6
\BOOKMARK [1][-]{section.2.2}{Analyse du mod\350le avec TINA}{chapter.2}% 7
\BOOKMARK [1][-]{section.2.3}{Mise au point des Intervalles Temporelles}{chapter.2}% 8
\BOOKMARK [0][-]{chapter.3}{Mod\351lisation des s\351quences d'op\351rations des deux pi\350ces}{}% 9
\BOOKMARK [1][-]{section.3.1}{Analyse d'ordonnancement}{chapter.3}% 10
\BOOKMARK [1][-]{section.3.2}{R\351seau de Petri de commande}{chapter.3}% 11
\BOOKMARK [1][-]{section.3.3}{Analyse par graphe de classes}{chapter.3}% 12
\BOOKMARK [1][-]{section.3.4}{Impl\351mentation}{chapter.3}% 13
\BOOKMARK [-1][-]{part*.10}{Annexes}{}% 14
\BOOKMARK [0][-]{chapter*.11}{Mesures de temps}{part*.10}% 15
\BOOKMARK [1][-]{section.3.1}{Mesure du temps de d\351placement et de saisie/d\351p\364t d'une pi\350ce}{chapter*.11}% 16
\BOOKMARK [1][-]{section.3.2}{Mesure du temps ded\351placement de bout en bout}{chapter*.11}% 17
\BOOKMARK [0][-]{chapter*.12}{Analyse TINA}{part*.10}% 18
\BOOKMARK [1][-]{section.3.1}{Analyse d'accessibilit\351 du mod\350le 2 op\351rations}{chapter*.12}% 19
\BOOKMARK [1][-]{section.3.2}{Graphe des classes de Mise au point des Intervallles Temporelles}{chapter*.12}% 20
\BOOKMARK [0][-]{chapter*.13}{Analyse TINA}{part*.10}% 21
\BOOKMARK [1][-]{section.3.1}{Analyse d'accessibilit\351 du mod\350le 3 op\351rations}{chapter*.13}% 22
